1638372890911	geckodriver	INFO	Listening on 127.0.0.1:61325
1638372893976	mozrunner::runner	INFO	Running command: "C:\\Program Files\\Mozilla Firefox\\firefox.exe" "--marionette" "--remote-debugging-port" "61326" "-no-remote" "-profile" "C:\\Users\\EMILEZ~1\\AppData\\Local\\Temp\\rust_mozprofileYfE9I7"
1638372894177	Marionette	INFO	Marionette enabled
console.warn: SearchSettings: "get: No settings file exists, new profile?" (new NotFoundError("Could not open the file at C:\\Users\\Emile Zyka\\AppData\\Local\\Temp\\rust_mozprofileYfE9I7\\search.json.mozlz4", (void 0)))
DevTools listening on ws://localhost:61326/devtools/browser/343fad74-b4e4-45df-be7b-f12686a3be4b
1638372895821	Marionette	INFO	Listening on port 61331
1638372896006	RemoteAgent	WARN	TLS certificate errors will be ignored for this session
1638372896926	Marionette	WARN	Ignoring event 'DOMContentLoaded' because document has an invalid readyState of 'complete'.
1638372897941	Marionette	WARN	Ignoring event 'DOMContentLoaded' because document has an invalid readyState of 'complete'.
1638372900236	Marionette	WARN	Ignoring event 'DOMContentLoaded' because document has an invalid readyState of 'complete'.
JavaScript error: https://cdn-ukwest.onetrust.com/scripttemplates/6.9.0/otBannerSdk.js, line 7: TypeError: this.selector is null
JavaScript error: https://www.ica.se/Assets/Dist/scripts/root-1e80289a87.js, line 20: NS_ERROR_FAILURE: 
1638372906567	Marionette	INFO	Stopped listening on port 61331
console.warn: TopSitesFeed: Failed to fetch data from Contile server: NetworkError when attempting to fetch resource.

###!!! [Parent][RunMessage] Error: Channel closing: too late to send/recv, messages will be lost

1638372958048	geckodriver	INFO	Listening on 127.0.0.1:61448
1638372961124	mozrunner::runner	INFO	Running command: "C:\\Program Files\\Mozilla Firefox\\firefox.exe" "--marionette" "--remote-debugging-port" "61449" "-no-remote" "-profile" "C:\\Users\\EMILEZ~1\\AppData\\Local\\Temp\\rust_mozprofileoSWhaa"
1638372961289	Marionette	INFO	Marionette enabled
console.warn: SearchSettings: "get: No settings file exists, new profile?" (new NotFoundError("Could not open the file at C:\\Users\\Emile Zyka\\AppData\\Local\\Temp\\rust_mozprofileoSWhaa\\search.json.mozlz4", (void 0)))
DevTools listening on ws://localhost:61449/devtools/browser/643d9a48-39a9-41c5-9b86-ddea83b87630
1638372962733	Marionette	INFO	Listening on port 61454
1638372963156	RemoteAgent	WARN	TLS certificate errors will be ignored for this session
1638372964083	Marionette	WARN	Ignoring event 'DOMContentLoaded' because document has an invalid readyState of 'complete'.
1638372965103	Marionette	WARN	Ignoring event 'DOMContentLoaded' because document has an invalid readyState of 'complete'.
1638372967379	Marionette	WARN	Ignoring event 'DOMContentLoaded' because document has an invalid readyState of 'complete'.
JavaScript error: https://cdn-ukwest.onetrust.com/scripttemplates/6.9.0/otBannerSdk.js, line 7: TypeError: this.selector is null
1638372973727	Marionette	INFO	Stopped listening on port 61454
console.warn: TopSitesFeed: Failed to fetch data from Contile server: NetworkError when attempting to fetch resource.

###!!! [Parent][RunMessage] Error: Channel closing: too late to send/recv, messages will be lost

1638373101215	geckodriver	INFO	Listening on 127.0.0.1:61597
1638373104271	mozrunner::runner	INFO	Running command: "C:\\Program Files\\Mozilla Firefox\\firefox.exe" "--marionette" "--remote-debugging-port" "61598" "-no-remote" "-profile" "C:\\Users\\EMILEZ~1\\AppData\\Local\\Temp\\rust_mozprofile7WH0Z8"
1638373104428	Marionette	INFO	Marionette enabled
console.warn: SearchSettings: "get: No settings file exists, new profile?" (new NotFoundError("Could not open the file at C:\\Users\\Emile Zyka\\AppData\\Local\\Temp\\rust_mozprofile7WH0Z8\\search.json.mozlz4", (void 0)))
DevTools listening on ws://localhost:61598/devtools/browser/d672a12c-277e-4e5e-bee1-1a86a84674cb
1638373105853	Marionette	INFO	Listening on port 61603
1638373106314	RemoteAgent	WARN	TLS certificate errors will be ignored for this session
1638373107258	Marionette	WARN	Ignoring event 'DOMContentLoaded' because document has an invalid readyState of 'complete'.
1638373108286	Marionette	WARN	Ignoring event 'DOMContentLoaded' because document has an invalid readyState of 'complete'.
1638373110581	Marionette	WARN	Ignoring event 'DOMContentLoaded' because document has an invalid readyState of 'complete'.
JavaScript error: https://www.ica.se/Assets/Dist/scripts/root-1e80289a87.js, line 20: NS_ERROR_FAILURE: 
1638373127264	Marionette	INFO	Stopped listening on port 61603

###!!! [Parent][RunMessage] Error: Channel closing: too late to send/recv, messages will be lost

